<?xml version="1.0" encoding="utf-16"?>
<TestRun id="2530ce6d-7d1a-45a8-92ae-0f7c48e4304b" name="Power Fx Test Runner" runUser="User" xmlns="http://microsoft.com/schemas/VisualStudio/TeamTest/2010">
  <Times creation="2022-12-30T09:38:55.0296735+00:00" queuing="2022-12-30T09:38:55.0305532+00:00" start="2022-12-30T09:38:55.031602+00:00" finish="2022-12-30T09:39:38.9960359+00:00" />
  <Results />
  <TestDefinitions />
  <TestEntries />
  <TestLists>
    <TestList name="Results Not in a List" id="8c84fa94-04c1-424b-9868-57a2d4851a1d" />
    <TestList name="Results Not in a List" id="19431567-8539-422a-85d7-44ee4e166bda" />
    <TestList name="Basic Gallery - Chromium" id="b6a0fcba-e879-4939-88de-ebb6c3ae0518" />
  </TestLists>
  <ResultSummary outcome="Completed">
    <Counters total="0" executed="0" passed="0" failed="0" error="0" timeout="0" aborted="0" inconclusive="0" passedButRunAborted="0" notRunnable="0" notExecuted="0" disconnected="0" warning="0" completed="0" inProgress="0" pending="0" />
  </ResultSummary>
</TestRun>