<?xml version="1.0" encoding="utf-16"?>
<TestRun id="c2fb1839-e216-4b0d-b6ff-75bba620f52d" name="Power Fx Test Runner" runUser="User" xmlns="http://microsoft.com/schemas/VisualStudio/TeamTest/2010">
  <Times creation="2022-12-30T10:07:30.9994712+00:00" queuing="2022-12-30T10:07:31.0002219+00:00" start="2022-12-30T10:07:31.0011201+00:00" finish="2022-12-30T10:08:09.4360172+00:00" />
  <Results>
    <UnitTestResult executionId="2cd64046-e529-4e04-a6c1-89d29c55396d" testId="09a1c2d1-e934-46bd-b1ee-2f1c1d782931" testName="Case1" computerName="" duration="00:00:13.3175331" startTime="2022-12-30T10:07:55.8490129+00:00" endTime="2022-12-30T10:08:09.166546+00:00" testType="13cdc9d9-ddb5-4fa4-a97d-d965ccfc6d4b" outcome="Passed" testListId="2bd964b7-48e5-4bfa-b8ac-63a1b1143870" relativeResultsDirectory="09a1c2d1-e934-46bd-b1ee-2f1c1d782931">
      <Output>
        <StdOut>{ "TestName": Case1, "BrowserConfiguration": {"Browser":"Chromium","Device":null,"ScreenWidth":null,"ScreenHeight":null,"ConfigName":null}}</StdOut>
      </Output>
      <ResultFiles>
        <ResultFile path="testresults/c2fb18\Basic Gallery_Chromium_2bd964\Case1_09a1c2\basicgallery_end.png" />
        <ResultFile path="testresults/c2fb18\Basic Gallery_Chromium_2bd964\Case1_09a1c2\basicgallery_loaded.png" />
        <ResultFile path="testresults/c2fb18\Basic Gallery_Chromium_2bd964\Case1_09a1c2\debugLogs.txt" />
        <ResultFile path="testresults/c2fb18\Basic Gallery_Chromium_2bd964\Case1_09a1c2\logs.txt" />
      </ResultFiles>
    </UnitTestResult>
  </Results>
  <TestDefinitions>
    <UnitTest name="Case1" storage="TODO" id="09a1c2d1-e934-46bd-b1ee-2f1c1d782931">
      <Execution id="2cd64046-e529-4e04-a6c1-89d29c55396d" />
      <TestMethod codeBase="" adapterTypeName="powerfx-test-runner" className="PowerFXTests" name="Case1" />
    </UnitTest>
  </TestDefinitions>
  <TestEntries>
    <TestEntry testId="09a1c2d1-e934-46bd-b1ee-2f1c1d782931" executionId="2cd64046-e529-4e04-a6c1-89d29c55396d" testListId="2bd964b7-48e5-4bfa-b8ac-63a1b1143870" />
  </TestEntries>
  <TestLists>
    <TestList name="Results Not in a List" id="8c84fa94-04c1-424b-9868-57a2d4851a1d" />
    <TestList name="Results Not in a List" id="19431567-8539-422a-85d7-44ee4e166bda" />
    <TestList name="Basic Gallery - Chromium" id="2bd964b7-48e5-4bfa-b8ac-63a1b1143870" />
  </TestLists>
  <ResultSummary outcome="Completed">
    <Counters total="1" executed="0" passed="1" failed="0" error="0" timeout="0" aborted="0" inconclusive="0" passedButRunAborted="0" notRunnable="0" notExecuted="0" disconnected="0" warning="0" completed="1" inProgress="0" pending="0" />
  </ResultSummary>
</TestRun>